<?xml version="1.0" ?>
<!DOCTYPE coverage SYSTEM "https://cobertura.sourceforge.net/xml/coverage-04.dtd">
<coverage line-rate="0.5" branch-rate="0" version="7.6.1" timestamp="1710000000" lines-valid="7" lines-covered="4">
  <sources>
    <source>/repo</source>
  </sources>
  <packages>
    <package name="src" line-rate="0.5" branch-rate="0" complexity="0">
      <classes>
        <class name="src.auth" filename="src/auth.py" line-rate="0.5" branch-rate="0" complexity="0">
          <methods/>
          <lines>
            <line number="1" hits="3" branch="false"/>
            <line number="5" hits="0" branch="false"/>
            <line number="9" hits="2" branch="false"/>
            <line number="10" hits="0" branch="false"/>
          </lines>
        </class>
        <class name="src.util" filename="src/util.py" line-rate="1.0" branch-rate="0" complexity="0">
          <methods/>
          <lines>
            <line number="2" hits="1"/>
            <line number="3" hits="1"/>
          </lines>
        </class>
        <class name="src.migrations.001" filename="src/migrations/001.py" line-rate="0" branch-rate="0" complexity="0">
          <methods/>
          <lines>
            <line number="1" hits="0"/>
          </lines>
        </class>
      </classes>
    </package>
  </packages>
</coverage>
